Arguments: 
  /usr/local/bin/node /usr/local/bin/yarn add node_modules --save

PATH: 
  /home/heqm/bin:/home/heqm/.local/bin:/usr/local/sbin:/usr/local/bin:/usr/sbin:/usr/bin:/sbin:/bin:/usr/games:/usr/local/games:/snap/bin:/usr/local/nodejs/bin:/usr/local/nodejs/bin:/home/heqm/.config/composer/vendor/bin

Yarn version: 
  1.7.0

Node version: 
  10.2.0

Platform: 
  linux x64

Trace: 
  Error: http://registry.npm.taobao.org/node_modules: Not found
      at Request.params.callback [as _callback] (/usr/local/lib/node_modules/yarn/lib/cli.js:65656:18)
      at Request.self.callback (/usr/local/lib/node_modules/yarn/lib/cli.js:134675:22)
      at Request.emit (events.js:182:13)
      at Request.<anonymous> (/usr/local/lib/node_modules/yarn/lib/cli.js:135658:10)
      at Request.emit (events.js:182:13)
      at IncomingMessage.<anonymous> (/usr/local/lib/node_modules/yarn/lib/cli.js:135578:12)
      at Object.onceWrapper (events.js:273:13)
      at IncomingMessage.emit (events.js:187:15)
      at endReadableNT (_stream_readable.js:1090:12)
      at process._tickCallback (internal/process/next_tick.js:63:19)

npm manifest: 
  {
    "dependencies": {
      "bootstrap": "^4.1.1"
    }
  }

yarn manifest: 
  No manifest

Lockfile: 
  # THIS IS AN AUTOGENERATED FILE. DO NOT EDIT THIS FILE DIRECTLY.
  # yarn lockfile v1
  
  
  bootstrap@^4.1.1:
    version "4.1.1"
    resolved "http://registry.npm.taobao.org/bootstrap/download/bootstrap-4.1.1.tgz#3aec85000fa619085da8d2e4983dfd67cf2114cb"
